npm install --include=dev && npm run build
1s
npm warn config production Use `--omit=dev` instead.
up to date, audited 21 packages in 646ms
found 0 vulnerabilities
npm warn config production Use `--omit=dev` instead.
> zinochain-bot-admin-api@1.0.0 build
> tsc
src/database/db.ts(1,22): error TS2307: Cannot find module 'pg' or its corresponding type declarations.

src/database/db.ts(2,20): error TS2307: Cannot find module 'dotenv' or its corresponding type declarations.

src/database/db.ts(11,19): error TS7006: Parameter 'err' implicitly has an 'any' type.

src/index.ts(1,21): error TS2307: Cannot find module 'express' or its corresponding type declarations.

src/index.ts(2,18): error TS2307: Cannot find module 'cors' or its corresponding type declarations.

src/index.ts(3,23): error TS2307: Cannot find module 'express-rate-limit' or its corresponding type declarations.

src/index.ts(4,20): error TS2307: Cannot find module 'dotenv' or its corresponding type declarations.

src/index.ts(33,21): error TS7006: Parameter 'req' implicitly has an 'any' type.

src/index.ts(33,26): error TS7006: Parameter 'res' implicitly has an 'any' type.

src/middleware/auth.ts(1,49): error TS2307: Cannot find module 'express' or its corresponding type declarations.

src/middleware/auth.ts(2,17): error TS2307: Cannot find module 'jsonwebtoken' or its corresponding type declarations.

src/middleware/auth.ts(18,28): error TS2339: Property 'headers' does not exist on type 'AuthRequest'.

src/middleware/errorHandler.ts(1,49): error TS2307: Cannot find module 'express' or its corresponding type declarations.

src/routes/admin.ts(1,21): error TS2307: Cannot find module 'express' or its corresponding type declarations.

src/routes/admin.ts(9,29): error TS7006: Parameter 'req' implicitly has an 'any' type.

src/routes/admin.ts(9,34): error TS7006: Parameter 'res' implicitly has an 'any' type.

src/routes/admin.ts(30,29): error TS7006: Parameter 'req' implicitly has an 'any' type.

src/routes/admin.ts(30,34): error TS7006: Parameter 'res' implicitly has an 'any' type.

src/routes/admin.ts(79,33): error TS7006: Parameter 'req' implicitly has an 'any' type.

src/routes/admin.ts(79,38): error TS7006: Parameter 'res' implicitly has an 'any' type.

src/routes/admin.ts(126,36): error TS7006: Parameter 'req' implicitly has an 'any' type.

src/routes/admin.ts(126,41): error TS7006: Parameter 'res' implicitly has an 'any' type.

src/routes/admin.ts(171,28): error TS7006: Parameter 'req' implicitly has an 'any' type.

src/routes/admin.ts(171,33): error TS7006: Parameter 'res' implicitly has an 'any' type.

src/routes/admin.ts(191,33): error TS7006: Parameter 'req' implicitly has an 'any' type.

src/routes/admin.ts(191,38): error TS7006: Parameter 'res' implicitly has an 'any' type.

src/routes/admin.ts(214,32): error TS7006: Parameter 'req' implicitly has an 'any' type.

src/routes/admin.ts(214,37): error TS7006: Parameter 'res' implicitly has an 'any' type.

src/routes/admin.ts(229,32): error TS7006: Parameter 'req' implicitly has an 'any' type.

src/routes/admin.ts(229,37): error TS7006: Parameter 'res' implicitly has an 'any' type.

src/routes/admin.ts(348,33): error TS7006: Parameter 'req' implicitly has an 'any' type.

src/routes/admin.ts(348,38): error TS7006: Parameter 'res' implicitly has an 'any' type.

src/routes/auth.ts(1,21): error TS2307: Cannot find module 'express' or its corresponding type declarations.

src/routes/auth.ts(2,17): error TS2307: Cannot find module 'jsonwebtoken' or its corresponding type declarations.

src/routes/auth.ts(3,20): error TS2307: Cannot find module 'bcrypt' or its corresponding type declarations.

src/routes/auth.ts(9,30): error TS7006: Parameter 'req' implicitly has an 'any' type.

src/routes/auth.ts(9,35): error TS7006: Parameter 'res' implicitly has an 'any' type.

src/routes/auth.ts(58,31): error TS7006: Parameter 'req' implicitly has an 'any' type.

src/routes/auth.ts(58,36): error TS7006: Parameter 'res' implicitly has an 'any' type.

ERROR: failed to build: failed to solve: process "sh -c npm install --include=dev && npm run build" did not complete successfully: exit code: 2